{"C:\\Users\\emili\\USM_2022_1S\\TEL335-DWM\\Control5\\control5\\src\\index.js": {"path":"C:\\Users\\emili\\USM_2022_1S\\TEL335-DWM\\Control5\\control5\\src\\index.js","statementMap":{"0":{"start":{"line":5,"column":12},"end":{"line":5,"column":21}},"1":{"start":{"line":6,"column":13},"end":{"line":6,"column":17}},"2":{"start":{"line":8,"column":0},"end":{"line":8,"column":58}},"3":{"start":{"line":9,"column":0},"end":{"line":9,"column":24}},"4":{"start":{"line":11,"column":15},"end":{"line":13,"column":2}},"5":{"start":{"line":12,"column":4},"end":{"line":12,"column":52}}},"fnMap":{"0":{"name":"(anonymous_0)","decl":{"start":{"line":11,"column":32},"end":{"line":11,"column":33}},"loc":{"start":{"line":11,"column":38},"end":{"line":13,"column":1}},"line":11}},"branchMap":{},"s":{"0":4,"1":4,"2":4,"3":4,"4":4,"5":2},"f":{"0":2},"b":{},"_coverageSchema":"1a1c01bbd47fc00a2c39e90264f33305004495a9","hash":"f4635cd6c53068a8171b4f5ff586af030c3827ef"}
,"C:\\Users\\emili\\USM_2022_1S\\TEL335-DWM\\Control5\\control5\\src\\actions\\movies\\movies.js": {"path":"C:\\Users\\emili\\USM_2022_1S\\TEL335-DWM\\Control5\\control5\\src\\actions\\movies\\movies.js","statementMap":{"0":{"start":{"line":3,"column":0},"end":{"line":5,"column":1}},"1":{"start":{"line":4,"column":4},"end":{"line":4,"column":16}},"2":{"start":{"line":7,"column":0},"end":{"line":9,"column":1}},"3":{"start":{"line":8,"column":4},"end":{"line":8,"column":21}},"4":{"start":{"line":11,"column":0},"end":{"line":18,"column":1}},"5":{"start":{"line":12,"column":18},"end":{"line":12,"column":39}},"6":{"start":{"line":13,"column":19},"end":{"line":13,"column":41}},"7":{"start":{"line":14,"column":27},"end":{"line":16,"column":5}},"8":{"start":{"line":15,"column":17},"end":{"line":15,"column":40}},"9":{"start":{"line":17,"column":4},"end":{"line":17,"column":25}},"10":{"start":{"line":20,"column":0},"end":{"line":39,"column":1}},"11":{"start":{"line":21,"column":26},"end":{"line":21,"column":56}},"12":{"start":{"line":22,"column":20},"end":{"line":22,"column":40}},"13":{"start":{"line":23,"column":19},"end":{"line":23,"column":41}},"14":{"start":{"line":25,"column":4},"end":{"line":25,"column":46}},"15":{"start":{"line":25,"column":40},"end":{"line":25,"column":46}},"16":{"start":{"line":27,"column":26},"end":{"line":36,"column":5}},"17":{"start":{"line":29,"column":25},"end":{"line":29,"column":43}},"18":{"start":{"line":30,"column":25},"end":{"line":30,"column":43}},"19":{"start":{"line":32,"column":25},"end":{"line":32,"column":79}},"20":{"start":{"line":33,"column":25},"end":{"line":33,"column":79}},"21":{"start":{"line":34,"column":10},"end":{"line":34,"column":46}},"22":{"start":{"line":38,"column":4},"end":{"line":38,"column":24}},"23":{"start":{"line":42,"column":4},"end":{"line":43,"column":69}},"24":{"start":{"line":42,"column":31},"end":{"line":42,"column":51}},"25":{"start":{"line":43,"column":9},"end":{"line":43,"column":69}},"26":{"start":{"line":43,"column":38},"end":{"line":43,"column":69}},"27":{"start":{"line":44,"column":4},"end":{"line":44,"column":20}},"28":{"start":{"line":48,"column":4},"end":{"line":49,"column":37}},"29":{"start":{"line":48,"column":25},"end":{"line":48,"column":34}},"30":{"start":{"line":49,"column":9},"end":{"line":49,"column":37}},"31":{"start":{"line":49,"column":29},"end":{"line":49,"column":37}},"32":{"start":{"line":50,"column":4},"end":{"line":50,"column":20}}},"fnMap":{"0":{"name":"(anonymous_0)","decl":{"start":{"line":3,"column":24},"end":{"line":3,"column":25}},"loc":{"start":{"line":3,"column":29},"end":{"line":5,"column":1}},"line":3},"1":{"name":"(anonymous_1)","decl":{"start":{"line":7,"column":23},"end":{"line":7,"column":24}},"loc":{"start":{"line":7,"column":29},"end":{"line":9,"column":1}},"line":7},"2":{"name":"(anonymous_2)","decl":{"start":{"line":11,"column":26},"end":{"line":11,"column":27}},"loc":{"start":{"line":11,"column":36},"end":{"line":18,"column":1}},"line":11},"3":{"name":"(anonymous_3)","decl":{"start":{"line":15,"column":6},"end":{"line":15,"column":7}},"loc":{"start":{"line":15,"column":17},"end":{"line":15,"column":40}},"line":15},"4":{"name":"(anonymous_4)","decl":{"start":{"line":20,"column":32},"end":{"line":20,"column":33}},"loc":{"start":{"line":20,"column":55},"end":{"line":39,"column":1}},"line":20},"5":{"name":"(anonymous_5)","decl":{"start":{"line":28,"column":8},"end":{"line":28,"column":9}},"loc":{"start":{"line":28,"column":18},"end":{"line":35,"column":9}},"line":28},"6":{"name":"getClassifierParam","decl":{"start":{"line":41,"column":9},"end":{"line":41,"column":27}},"loc":{"start":{"line":41,"column":41},"end":{"line":45,"column":1}},"line":41},"7":{"name":"getOrderParam","decl":{"start":{"line":47,"column":9},"end":{"line":47,"column":22}},"loc":{"start":{"line":47,"column":31},"end":{"line":51,"column":1}},"line":47}},"branchMap":{"0":{"loc":{"start":{"line":25,"column":4},"end":{"line":25,"column":46}},"type":"if","locations":[{"start":{"line":25,"column":4},"end":{"line":25,"column":46}},{"start":{},"end":{}}],"line":25},"1":{"loc":{"start":{"line":25,"column":8},"end":{"line":25,"column":38}},"type":"binary-expr","locations":[{"start":{"line":25,"column":8},"end":{"line":25,"column":24}},{"start":{"line":25,"column":28},"end":{"line":25,"column":38}}],"line":25},"2":{"loc":{"start":{"line":32,"column":25},"end":{"line":32,"column":79}},"type":"cond-expr","locations":[{"start":{"line":32,"column":67},"end":{"line":32,"column":73}},{"start":{"line":32,"column":76},"end":{"line":32,"column":79}}],"line":32},"3":{"loc":{"start":{"line":32,"column":26},"end":{"line":32,"column":63}},"type":"binary-expr","locations":[{"start":{"line":32,"column":26},"end":{"line":32,"column":40}},{"start":{"line":32,"column":44},"end":{"line":32,"column":63}}],"line":32},"4":{"loc":{"start":{"line":33,"column":25},"end":{"line":33,"column":79}},"type":"cond-expr","locations":[{"start":{"line":33,"column":67},"end":{"line":33,"column":73}},{"start":{"line":33,"column":76},"end":{"line":33,"column":79}}],"line":33},"5":{"loc":{"start":{"line":33,"column":26},"end":{"line":33,"column":63}},"type":"binary-expr","locations":[{"start":{"line":33,"column":26},"end":{"line":33,"column":40}},{"start":{"line":33,"column":44},"end":{"line":33,"column":63}}],"line":33},"6":{"loc":{"start":{"line":42,"column":4},"end":{"line":43,"column":69}},"type":"if","locations":[{"start":{"line":42,"column":4},"end":{"line":43,"column":69}},{"start":{"line":43,"column":9},"end":{"line":43,"column":69}}],"line":42},"7":{"loc":{"start":{"line":43,"column":9},"end":{"line":43,"column":69}},"type":"if","locations":[{"start":{"line":43,"column":9},"end":{"line":43,"column":69}},{"start":{},"end":{}}],"line":43},"8":{"loc":{"start":{"line":48,"column":4},"end":{"line":49,"column":37}},"type":"if","locations":[{"start":{"line":48,"column":4},"end":{"line":49,"column":37}},{"start":{"line":49,"column":9},"end":{"line":49,"column":37}}],"line":48},"9":{"loc":{"start":{"line":49,"column":9},"end":{"line":49,"column":37}},"type":"if","locations":[{"start":{"line":49,"column":9},"end":{"line":49,"column":37}},{"start":{},"end":{}}],"line":49}},"s":{"0":4,"1":0,"2":4,"3":0,"4":4,"5":0,"6":0,"7":0,"8":0,"9":0,"10":4,"11":0,"12":0,"13":0,"14":0,"15":0,"16":0,"17":0,"18":0,"19":0,"20":0,"21":0,"22":0,"23":0,"24":0,"25":0,"26":0,"27":0,"28":0,"29":0,"30":0,"31":0,"32":0},"f":{"0":0,"1":0,"2":0,"3":0,"4":0,"5":0,"6":0,"7":0},"b":{"0":[0,0],"1":[0,0],"2":[0,0],"3":[0,0],"4":[0,0],"5":[0,0],"6":[0,0],"7":[0,0],"8":[0,0],"9":[0,0]},"_coverageSchema":"1a1c01bbd47fc00a2c39e90264f33305004495a9","hash":"c41007cfdcea4f3942472160a157675e3e5744f0"}
,"C:\\Users\\emili\\USM_2022_1S\\TEL335-DWM\\Control5\\control5\\src\\routes\\index.js": {"path":"C:\\Users\\emili\\USM_2022_1S\\TEL335-DWM\\Control5\\control5\\src\\routes\\index.js","statementMap":{"0":{"start":{"line":7,"column":15},"end":{"line":7,"column":27}},"1":{"start":{"line":9,"column":0},"end":{"line":9,"column":32}},"2":{"start":{"line":11,"column":0},"end":{"line":11,"column":39}},"3":{"start":{"line":12,"column":0},"end":{"line":12,"column":48}},"4":{"start":{"line":13,"column":0},"end":{"line":13,"column":74}}},"fnMap":{},"branchMap":{},"s":{"0":4,"1":4,"2":4,"3":4,"4":4},"f":{},"b":{},"_coverageSchema":"1a1c01bbd47fc00a2c39e90264f33305004495a9","hash":"8cefea3cb8cc33a8770d2cc8d32a576916e0b110"}
,"C:\\Users\\emili\\USM_2022_1S\\TEL335-DWM\\Control5\\control5\\src\\routes\\health\\health.js": {"path":"C:\\Users\\emili\\USM_2022_1S\\TEL335-DWM\\Control5\\control5\\src\\routes\\health\\health.js","statementMap":{"0":{"start":{"line":2,"column":4},"end":{"line":2,"column":32}}},"fnMap":{"0":{"name":"getHealth","decl":{"start":{"line":1,"column":24},"end":{"line":1,"column":33}},"loc":{"start":{"line":1,"column":39},"end":{"line":3,"column":1}},"line":1}},"branchMap":{},"s":{"0":1},"f":{"0":1},"b":{},"_coverageSchema":"1a1c01bbd47fc00a2c39e90264f33305004495a9","hash":"dcee5a0e5e198b8f775d76daf93a6076d606b067"}
,"C:\\Users\\emili\\USM_2022_1S\\TEL335-DWM\\Control5\\control5\\src\\routes\\movies\\GETAllmovies.js": {"path":"C:\\Users\\emili\\USM_2022_1S\\TEL335-DWM\\Control5\\control5\\src\\routes\\movies\\GETAllmovies.js","statementMap":{"0":{"start":{"line":4,"column":0},"end":{"line":9,"column":1}},"1":{"start":{"line":5,"column":26},"end":{"line":5,"column":57}},"2":{"start":{"line":6,"column":4},"end":{"line":7,"column":36}},"3":{"start":{"line":6,"column":23},"end":{"line":6,"column":62}},"4":{"start":{"line":7,"column":9},"end":{"line":7,"column":36}},"5":{"start":{"line":8,"column":4},"end":{"line":8,"column":14}}},"fnMap":{"0":{"name":"(anonymous_0)","decl":{"start":{"line":4,"column":23},"end":{"line":4,"column":24}},"loc":{"start":{"line":4,"column":32},"end":{"line":9,"column":1}},"line":4}},"branchMap":{"0":{"loc":{"start":{"line":6,"column":4},"end":{"line":7,"column":36}},"type":"if","locations":[{"start":{"line":6,"column":4},"end":{"line":7,"column":36}},{"start":{"line":7,"column":9},"end":{"line":7,"column":36}}],"line":6}},"s":{"0":4,"1":1,"2":1,"3":1,"4":0,"5":1},"f":{"0":1},"b":{"0":[1,0]},"_coverageSchema":"1a1c01bbd47fc00a2c39e90264f33305004495a9","hash":"787be34a74f245c401c3fffeb8492da8864621f0"}
,"C:\\Users\\emili\\USM_2022_1S\\TEL335-DWM\\Control5\\control5\\src\\routes\\movies\\GETMoviesByClassifier.js": {"path":"C:\\Users\\emili\\USM_2022_1S\\TEL335-DWM\\Control5\\control5\\src\\routes\\movies\\GETMoviesByClassifier.js","statementMap":{"0":{"start":{"line":4,"column":0},"end":{"line":9,"column":1}},"1":{"start":{"line":5,"column":23},"end":{"line":5,"column":102}},"2":{"start":{"line":6,"column":4},"end":{"line":7,"column":36}},"3":{"start":{"line":6,"column":20},"end":{"line":6,"column":56}},"4":{"start":{"line":7,"column":9},"end":{"line":7,"column":36}},"5":{"start":{"line":8,"column":4},"end":{"line":8,"column":14}}},"fnMap":{"0":{"name":"(anonymous_0)","decl":{"start":{"line":4,"column":32},"end":{"line":4,"column":33}},"loc":{"start":{"line":4,"column":41},"end":{"line":9,"column":1}},"line":4}},"branchMap":{"0":{"loc":{"start":{"line":6,"column":4},"end":{"line":7,"column":36}},"type":"if","locations":[{"start":{"line":6,"column":4},"end":{"line":7,"column":36}},{"start":{"line":7,"column":9},"end":{"line":7,"column":36}}],"line":6}},"s":{"0":4,"1":4,"2":4,"3":4,"4":0,"5":4},"f":{"0":4},"b":{"0":[4,0]},"_coverageSchema":"1a1c01bbd47fc00a2c39e90264f33305004495a9","hash":"13114d6a517d124959cc21ea3dcd551fd34bc31a"}
,"C:\\Users\\emili\\USM_2022_1S\\TEL335-DWM\\Control5\\control5\\src\\routes\\movies\\GETMoviesByName.js": {"path":"C:\\Users\\emili\\USM_2022_1S\\TEL335-DWM\\Control5\\control5\\src\\routes\\movies\\GETMoviesByName.js","statementMap":{"0":{"start":{"line":4,"column":0},"end":{"line":9,"column":1}},"1":{"start":{"line":5,"column":23},"end":{"line":5,"column":72}},"2":{"start":{"line":6,"column":4},"end":{"line":7,"column":36}},"3":{"start":{"line":6,"column":20},"end":{"line":6,"column":56}},"4":{"start":{"line":7,"column":9},"end":{"line":7,"column":36}},"5":{"start":{"line":8,"column":4},"end":{"line":8,"column":14}}},"fnMap":{"0":{"name":"(anonymous_0)","decl":{"start":{"line":4,"column":26},"end":{"line":4,"column":27}},"loc":{"start":{"line":4,"column":35},"end":{"line":9,"column":1}},"line":4}},"branchMap":{"0":{"loc":{"start":{"line":6,"column":4},"end":{"line":7,"column":36}},"type":"if","locations":[{"start":{"line":6,"column":4},"end":{"line":7,"column":36}},{"start":{"line":7,"column":9},"end":{"line":7,"column":36}}],"line":6}},"s":{"0":4,"1":2,"2":2,"3":2,"4":0,"5":2},"f":{"0":2},"b":{"0":[2,0]},"_coverageSchema":"1a1c01bbd47fc00a2c39e90264f33305004495a9","hash":"bb0632c4eeb50b59b3a459a52b24f64fac3de640"}
,"C:\\Users\\emili\\USM_2022_1S\\TEL335-DWM\\Control5\\control5\\src\\utils\\responseBuilder.js": {"path":"C:\\Users\\emili\\USM_2022_1S\\TEL335-DWM\\Control5\\control5\\src\\utils\\responseBuilder.js","statementMap":{"0":{"start":{"line":1,"column":0},"end":{"line":5,"column":1}},"1":{"start":{"line":2,"column":4},"end":{"line":2,"column":19}},"2":{"start":{"line":3,"column":4},"end":{"line":3,"column":20}},"3":{"start":{"line":4,"column":4},"end":{"line":4,"column":14}},"4":{"start":{"line":7,"column":0},"end":{"line":11,"column":1}},"5":{"start":{"line":8,"column":4},"end":{"line":8,"column":81}},"6":{"start":{"line":9,"column":4},"end":{"line":9,"column":20}},"7":{"start":{"line":10,"column":4},"end":{"line":10,"column":14}}},"fnMap":{"0":{"name":"(anonymous_0)","decl":{"start":{"line":1,"column":24},"end":{"line":1,"column":25}},"loc":{"start":{"line":1,"column":39},"end":{"line":5,"column":1}},"line":1},"1":{"name":"(anonymous_1)","decl":{"start":{"line":7,"column":27},"end":{"line":7,"column":28}},"loc":{"start":{"line":7,"column":36},"end":{"line":11,"column":1}},"line":7}},"branchMap":{},"s":{"0":4,"1":7,"2":7,"3":7,"4":4,"5":0,"6":0,"7":0},"f":{"0":7,"1":0},"b":{},"_coverageSchema":"1a1c01bbd47fc00a2c39e90264f33305004495a9","hash":"73061399af970e53b3388a9d200e7208c5e58827"}
}
